

Started GET "/assets/rails.png" for 127.0.0.1 at 2012-06-16 17:41:40 -0400
Served asset /rails.png - 200 OK (31ms)


Started GET "/" for 127.0.0.1 at 2012-06-16 17:42:24 -0400
  Processing by HomeController#index as HTML
Rendered home/index.html.erb within layouts/application (66.6ms)
Compiled application.css  (2ms)  (pid 2949)
Compiled home.css  (70ms)  (pid 2949)
Compiled application.js  (38ms)  (pid 2949)
Compiled jquery.js  (14ms)  (pid 2949)
Compiled jquery_ujs.js  (7ms)  (pid 2949)
Compiled home.js  (311ms)  (pid 2949)
Completed 200 OK in 673ms (Views: 672.6ms | ActiveRecord: 0.0ms)


Started GET "/assets/home.js?body=1" for 127.0.0.1 at 2012-06-16 17:42:27 -0400
Served asset /home.js - 200 OK (13ms)


Started GET "/assets/jquery.js?body=1" for 127.0.0.1 at 2012-06-16 17:42:27 -0400
Served asset /jquery.js - 200 OK (23ms)


Started GET "/assets/jquery_ujs.js?body=1" for 127.0.0.1 at 2012-06-16 17:42:27 -0400
Served asset /jquery_ujs.js - 200 OK (9ms)


Started GET "/assets/application.css?body=1" for 127.0.0.1 at 2012-06-16 17:42:27 -0400
Served asset /application.css - 200 OK (2ms)


Started GET "/assets/home.css?body=1" for 127.0.0.1 at 2012-06-16 17:42:27 -0400
Served asset /home.css - 200 OK (8ms)


Started GET "/assets/application.js?body=1" for 127.0.0.1 at 2012-06-16 17:42:27 -0400
Served asset /application.js - 200 OK (10ms)


Started GET "/images/logo.png" for 127.0.0.1 at 2012-06-16 17:42:27 -0400

ActionController::RoutingError (No route matches [GET] "/images/logo.png"):
  

Rendered /usr/local/lib/ruby/gems/1.9.1/gems/actionpack-3.1.0/lib/action_dispatch/middleware/templates/rescues/routing_error.erb within rescues/layout (0.8ms)


Started GET "/images/logo.png" for 127.0.0.1 at 2012-06-16 17:42:28 -0400

ActionController::RoutingError (No route matches [GET] "/images/logo.png"):
  

Rendered /usr/local/lib/ruby/gems/1.9.1/gems/actionpack-3.1.0/lib/action_dispatch/middleware/templates/rescues/routing_error.erb within rescues/layout (0.8ms)


Started GET "/" for 127.0.0.1 at 2012-06-17 06:43:04 -0400
  Processing by HomeController#index as HTML
Rendered home/index.html.erb within layouts/application (26.4ms)
Completed 200 OK in 114ms (Views: 113.2ms | ActiveRecord: 0.0ms)


Started GET "/images/logo.png" for 127.0.0.1 at 2012-06-17 06:43:07 -0400

ActionController::RoutingError (No route matches [GET] "/images/logo.png"):
  

Rendered /usr/local/lib/ruby/gems/1.9.1/gems/actionpack-3.1.0/lib/action_dispatch/middleware/templates/rescues/routing_error.erb within rescues/layout (0.8ms)


Started GET "/images/logo.png" for 127.0.0.1 at 2012-06-17 06:43:07 -0400

ActionController::RoutingError (No route matches [GET] "/images/logo.png"):
  

Rendered /usr/local/lib/ruby/gems/1.9.1/gems/actionpack-3.1.0/lib/action_dispatch/middleware/templates/rescues/routing_error.erb within rescues/layout (0.9ms)


Started GET "/" for 127.0.0.1 at 2012-06-17 06:47:01 -0400
  Processing by HomeController#index as HTML
Rendered home/index.html.erb within layouts/application (0.7ms)
Completed 200 OK in 10ms (Views: 9.5ms | ActiveRecord: 0.0ms)


Started GET "/" for 127.0.0.1 at 2012-06-17 06:48:38 -0400
  Processing by HomeController#index as HTML
Rendered home/index.html.erb within layouts/application (0.1ms)
Completed 200 OK in 23ms (Views: 22.4ms | ActiveRecord: 0.0ms)


Started GET "/" for 127.0.0.1 at 2012-06-17 06:49:43 -0400
  Processing by HomeController#index as HTML
Rendered home/index.html.erb within layouts/application (0.0ms)
Completed 200 OK in 20ms (Views: 19.4ms | ActiveRecord: 0.0ms)


Started GET "/" for 127.0.0.1 at 2012-06-17 07:03:35 -0400
  Processing by HomeController#index as HTML
Rendered home/index.html.erb within layouts/application (0.1ms)
Completed 200 OK in 15ms (Views: 14.2ms | ActiveRecord: 0.0ms)


Started GET "/" for 127.0.0.1 at 2012-06-17 07:04:38 -0400
  Processing by HomeController#index as HTML
Rendered home/index.html.erb within layouts/application (0.1ms)
Completed 200 OK in 14ms (Views: 13.4ms | ActiveRecord: 0.0ms)


Started GET "/" for 127.0.0.1 at 2012-06-17 07:05:17 -0400
  Processing by HomeController#index as HTML
Rendered home/index.html.erb within layouts/application (0.1ms)
Completed 200 OK in 12ms (Views: 11.7ms | ActiveRecord: 0.0ms)


Started GET "/" for 127.0.0.1 at 2012-06-17 07:05:20 -0400
  Processing by HomeController#index as HTML
Rendered home/index.html.erb within layouts/application (0.1ms)
Completed 200 OK in 13ms (Views: 12.5ms | ActiveRecord: 0.0ms)


Started GET "/" for 127.0.0.1 at 2012-06-17 07:09:59 -0400
  Processing by HomeController#index as HTML
Rendered home/index.html.erb within layouts/application (0.1ms)
Completed 200 OK in 7ms (Views: 6.8ms | ActiveRecord: 0.0ms)


Started GET "/" for 127.0.0.1 at 2012-06-17 07:10:31 -0400
  Processing by HomeController#index as HTML
Rendered home/index.html.erb within layouts/application (0.0ms)
Completed 200 OK in 17ms (Views: 16.7ms | ActiveRecord: 0.0ms)


Started GET "/" for 127.0.0.1 at 2012-06-17 07:11:05 -0400
  Processing by HomeController#index as HTML
Rendered home/index.html.erb within layouts/application (0.0ms)
Completed 200 OK in 10ms (Views: 9.6ms | ActiveRecord: 0.0ms)


Started GET "/" for 127.0.0.1 at 2012-06-17 07:26:08 -0400
  Processing by HomeController#index as HTML
Rendered home/index.html.erb within layouts/application (0.8ms)
Completed 200 OK in 14ms (Views: 13.5ms | ActiveRecord: 0.0ms)


Started GET "/" for 127.0.0.1 at 2012-06-17 07:27:13 -0400
  Processing by HomeController#index as HTML
Rendered home/index.html.erb within layouts/application (0.2ms)
Completed 200 OK in 16ms (Views: 15.4ms | ActiveRecord: 0.0ms)


Started GET "/" for 127.0.0.1 at 2012-06-17 07:28:54 -0400
  Processing by HomeController#index as HTML
Rendered home/index.html.erb within layouts/application (0.0ms)
Completed 200 OK in 16ms (Views: 15.3ms | ActiveRecord: 0.0ms)


Started GET "/" for 127.0.0.1 at 2012-06-17 07:30:08 -0400
  Processing by HomeController#index as HTML
Rendered home/index.html.erb within layouts/application (0.0ms)
Completed 200 OK in 16ms (Views: 15.5ms | ActiveRecord: 0.0ms)


Started GET "/" for 127.0.0.1 at 2012-06-17 07:31:00 -0400
  Processing by HomeController#index as HTML
Rendered home/index.html.erb within layouts/application (0.0ms)
Completed 200 OK in 8ms (Views: 7.2ms | ActiveRecord: 0.0ms)


Started GET "/" for 127.0.0.1 at 2012-06-17 07:35:48 -0400
  Processing by HomeController#index as HTML
Rendered home/index.html.erb within layouts/application (0.6ms)
Completed 200 OK in 15ms (Views: 14.4ms | ActiveRecord: 0.0ms)


Started GET "/" for 127.0.0.1 at 2012-06-17 07:37:47 -0400
  Processing by HomeController#index as HTML
Rendered home/index.html.erb within layouts/application (0.0ms)
Completed 200 OK in 12ms (Views: 11.9ms | ActiveRecord: 0.0ms)


Started GET "/" for 127.0.0.1 at 2012-06-17 07:38:54 -0400
  Processing by HomeController#index as HTML
Rendered home/index.html.erb within layouts/application (0.6ms)
Completed 200 OK in 15ms (Views: 14.9ms | ActiveRecord: 0.0ms)


Started GET "/" for 127.0.0.1 at 2012-06-17 07:41:31 -0400
  Processing by HomeController#index as HTML
Rendered home/index.html.erb within layouts/application (0.3ms)
Completed 200 OK in 13ms (Views: 12.6ms | ActiveRecord: 0.0ms)


Started GET "/" for 127.0.0.1 at 2012-06-17 07:42:34 -0400
  Processing by HomeController#index as HTML
Rendered home/index.html.erb within layouts/application (4.7ms)
Completed 200 OK in 12ms (Views: 11.4ms | ActiveRecord: 0.0ms)


Started GET "/" for 127.0.0.1 at 2012-06-17 07:42:54 -0400
  Processing by HomeController#index as HTML
Rendered home/index.html.erb within layouts/application (0.6ms)
Completed 200 OK in 22ms (Views: 21.9ms | ActiveRecord: 0.0ms)


Started GET "/" for 127.0.0.1 at 2012-06-17 07:43:41 -0400
  Processing by HomeController#index as HTML
Rendered home/index.html.erb within layouts/application (0.1ms)
Completed 200 OK in 11ms (Views: 11.1ms | ActiveRecord: 0.0ms)


Started GET "/" for 127.0.0.1 at 2012-06-17 07:43:46 -0400
  Processing by HomeController#index as HTML
Rendered home/index.html.erb within layouts/application (0.1ms)
Completed 200 OK in 14ms (Views: 13.5ms | ActiveRecord: 0.0ms)


Started GET "/" for 127.0.0.1 at 2012-06-17 07:45:21 -0400
  Processing by HomeController#index as HTML
Rendered home/index.html.erb within layouts/application (0.1ms)
Completed 200 OK in 13ms (Views: 12.4ms | ActiveRecord: 0.0ms)


Started GET "/" for 127.0.0.1 at 2012-06-17 23:20:47 -0400
  Processing by HomeController#index as HTML
Rendered home/index.html.erb within layouts/application (15.0ms)
Completed 200 OK in 127ms (Views: 126.2ms | ActiveRecord: 0.0ms)


Started GET "/" for 127.0.0.1 at 2012-06-17 23:21:39 -0400
  Processing by HomeController#index as HTML
Rendered home/index.html.erb within layouts/application (0.7ms)
Completed 200 OK in 23ms (Views: 10.3ms | ActiveRecord: 0.0ms)


Started GET "/" for 127.0.0.1 at 2012-06-17 23:22:25 -0400
  Processing by HomeController#index as HTML
Rendered home/index.html.erb within layouts/application (0.0ms)
Completed 200 OK in 22ms (Views: 11.2ms | ActiveRecord: 0.0ms)


Started GET "/" for 127.0.0.1 at 2012-06-17 23:24:28 -0400
  Processing by HomeController#index as HTML
Rendered home/index.html.erb within layouts/application (0.1ms)
Completed 200 OK in 13ms (Views: 12.4ms | ActiveRecord: 0.0ms)


Started GET "/" for 127.0.0.1 at 2012-06-17 23:25:38 -0400
  Processing by HomeController#index as HTML
Rendered home/index.html.erb within layouts/application (0.1ms)
Completed 200 OK in 14ms (Views: 13.5ms | ActiveRecord: 0.0ms)


Started GET "/" for 127.0.0.1 at 2012-06-17 23:27:05 -0400
  Processing by HomeController#index as HTML
Rendered home/index.html.erb within layouts/application (0.1ms)
Completed 200 OK in 16ms (Views: 15.5ms | ActiveRecord: 0.0ms)


Started GET "/" for 127.0.0.1 at 2012-06-17 23:30:23 -0400
  Processing by HomeController#index as HTML
Rendered home/index.html.erb within layouts/application (0.1ms)
Completed 200 OK in 15ms (Views: 14.7ms | ActiveRecord: 0.0ms)


Started GET "/" for 127.0.0.1 at 2012-06-17 23:30:44 -0400
  Processing by HomeController#index as HTML
Rendered home/index.html.erb within layouts/application (8.5ms)
Completed 200 OK in 17ms (Views: 16.4ms | ActiveRecord: 0.0ms)


Started GET "/" for 127.0.0.1 at 2012-06-17 23:32:35 -0400
  Processing by HomeController#index as HTML
Rendered home/index.html.erb within layouts/application (0.0ms)
Completed 200 OK in 14ms (Views: 13.3ms | ActiveRecord: 0.0ms)


Started GET "/" for 127.0.0.1 at 2012-06-17 23:35:27 -0400
  Processing by HomeController#index as HTML
Rendered home/index.html.erb within layouts/application (4.6ms)
Completed 200 OK in 14ms (Views: 13.9ms | ActiveRecord: 0.0ms)


Started GET "/" for 127.0.0.1 at 2012-06-17 23:37:02 -0400
  Processing by HomeController#index as HTML
Rendered home/index.html.erb within layouts/application (0.0ms)
Completed 200 OK in 13ms (Views: 12.9ms | ActiveRecord: 0.0ms)


Started GET "/" for 127.0.0.1 at 2012-06-17 23:37:06 -0400
  Processing by HomeController#index as HTML
Rendered home/index.html.erb within layouts/application (0.1ms)
Completed 200 OK in 22ms (Views: 21.3ms | ActiveRecord: 0.0ms)


Started GET "/" for 127.0.0.1 at 2012-06-17 23:37:18 -0400
  Processing by HomeController#index as HTML
Rendered home/index.html.erb within layouts/application (0.4ms)
Completed 200 OK in 18ms (Views: 17.5ms | ActiveRecord: 0.0ms)


Started GET "/" for 127.0.0.1 at 2012-06-17 23:39:47 -0400
  Processing by HomeController#index as HTML
Rendered home/index.html.erb within layouts/application (8.8ms)
Completed 200 OK in 14ms (Views: 13.8ms | ActiveRecord: 0.0ms)


Started GET "/" for 127.0.0.1 at 2012-06-17 23:40:13 -0400
  Processing by HomeController#index as HTML
Rendered home/index.html.erb within layouts/application (9.7ms)
Completed 200 OK in 28ms (Views: 15.3ms | ActiveRecord: 0.0ms)


Started GET "/" for 127.0.0.1 at 2012-06-17 23:41:11 -0400
  Processing by HomeController#index as HTML
Rendered home/index.html.erb within layouts/application (0.8ms)
Completed 200 OK in 14ms (Views: 13.5ms | ActiveRecord: 0.0ms)


Started GET "/" for 127.0.0.1 at 2012-06-17 23:41:47 -0400
  Processing by HomeController#index as HTML
Rendered home/index.html.erb within layouts/application (0.1ms)
Completed 200 OK in 18ms (Views: 8.5ms | ActiveRecord: 0.0ms)


Started GET "/" for 127.0.0.1 at 2012-06-17 23:43:15 -0400
  Processing by HomeController#index as HTML
Rendered home/index.html.erb within layouts/application (0.1ms)
Completed 200 OK in 16ms (Views: 8.9ms | ActiveRecord: 0.0ms)


Started GET "/" for 127.0.0.1 at 2012-06-18 00:01:31 -0400
  Processing by HomeController#index as HTML
Rendered home/index.html.erb within layouts/application (0.6ms)
Completed 200 OK in 12ms (Views: 11.6ms | ActiveRecord: 0.0ms)


Started GET "/" for 127.0.0.1 at 2012-06-18 00:04:14 -0400
  Processing by HomeController#index as HTML
Rendered home/index.html.erb within layouts/application (0.1ms)
Completed 200 OK in 11ms (Views: 10.9ms | ActiveRecord: 0.0ms)


Started GET "/" for 127.0.0.1 at 2012-06-20 23:27:30 -0400
  Processing by HomeController#index as HTML
Rendered home/index.html.erb within layouts/application (22.6ms)
Completed 200 OK in 108ms (Views: 107.5ms | ActiveRecord: 0.0ms)


Started GET "/" for 127.0.0.1 at 2012-06-20 23:29:42 -0400
  Processing by HomeController#index as HTML
Rendered home/index.html.erb within layouts/application (0.3ms)
Completed 200 OK in 17ms (Views: 16.2ms | ActiveRecord: 0.0ms)


Started GET "/" for 127.0.0.1 at 2012-06-20 23:30:21 -0400
  Processing by HomeController#index as HTML
Rendered home/index.html.erb within layouts/application (1.1ms)
Completed 200 OK in 25ms (Views: 24.6ms | ActiveRecord: 0.0ms)


Started GET "/" for 127.0.0.1 at 2012-06-20 23:30:42 -0400
  Processing by HomeController#index as HTML
Rendered home/index.html.erb within layouts/application (0.3ms)
Completed 200 OK in 14ms (Views: 13.2ms | ActiveRecord: 0.0ms)


Started GET "/" for 127.0.0.1 at 2012-06-20 23:34:41 -0400
  Processing by HomeController#index as HTML
Rendered home/index.html.erb within layouts/application (0.3ms)
Completed 200 OK in 14ms (Views: 13.9ms | ActiveRecord: 0.0ms)


Started GET "/" for 127.0.0.1 at 2012-06-20 23:34:44 -0400
  Processing by HomeController#index as HTML
Rendered home/index.html.erb within layouts/application (0.3ms)
Completed 200 OK in 15ms (Views: 14.7ms | ActiveRecord: 0.0ms)


Started GET "/" for 127.0.0.1 at 2012-06-20 23:35:32 -0400
  Processing by HomeController#index as HTML
Rendered home/index.html.erb within layouts/application (0.3ms)
Completed 200 OK in 15ms (Views: 13.6ms | ActiveRecord: 0.0ms)


Started GET "/" for 127.0.0.1 at 2012-06-20 23:36:03 -0400
  Processing by HomeController#index as HTML
Rendered home/index.html.erb within layouts/application (0.2ms)
Completed 200 OK in 14ms (Views: 13.5ms | ActiveRecord: 0.0ms)


Started GET "/" for 127.0.0.1 at 2012-06-20 23:36:42 -0400
  Processing by HomeController#index as HTML
Rendered home/index.html.erb within layouts/application (0.4ms)
Completed 200 OK in 14ms (Views: 13.1ms | ActiveRecord: 0.0ms)


Started GET "/" for 127.0.0.1 at 2012-06-21 08:47:39 -0400
  Processing by HomeController#index as HTML
Rendered home/index.html.erb within layouts/application (38.2ms)
Completed 200 OK in 164ms (Views: 162.9ms | ActiveRecord: 0.0ms)


Started GET "/" for 127.0.0.1 at 2012-06-21 08:48:43 -0400
  Processing by HomeController#index as HTML
Rendered home/index.html.erb within layouts/application (0.3ms)
Completed 200 OK in 7ms (Views: 6.6ms | ActiveRecord: 0.0ms)


Started GET "/" for 127.0.0.1 at 2012-06-21 08:49:13 -0400
  Processing by HomeController#index as HTML
Rendered home/index.html.erb within layouts/application (0.3ms)
Completed 200 OK in 12ms (Views: 11.3ms | ActiveRecord: 0.0ms)


Started GET "/" for 127.0.0.1 at 2012-06-21 08:50:00 -0400
  Processing by HomeController#index as HTML
Rendered home/index.html.erb within layouts/application (1.0ms)
Completed 200 OK in 17ms (Views: 16.2ms | ActiveRecord: 0.0ms)


Started GET "/" for 127.0.0.1 at 2012-06-21 21:47:56 -0400
  Processing by HomeController#index as HTML
Rendered home/index.html.erb within layouts/application (89.8ms)
Completed 200 OK in 238ms (Views: 234.3ms | ActiveRecord: 0.0ms)


Started GET "/" for 127.0.0.1 at 2012-06-21 21:49:30 -0400
  Processing by HomeController#index as HTML
Rendered home/index.html.erb within layouts/application (0.3ms)
Completed 200 OK in 12ms (Views: 11.8ms | ActiveRecord: 0.0ms)


Started GET "/" for 127.0.0.1 at 2012-06-21 21:50:36 -0400
  Processing by HomeController#index as HTML
Rendered home/index.html.erb within layouts/application (0.4ms)
Completed 200 OK in 18ms (Views: 17.7ms | ActiveRecord: 0.0ms)


Started GET "/" for 127.0.0.1 at 2012-06-21 21:51:54 -0400
  Processing by HomeController#index as HTML
Rendered home/index.html.erb within layouts/application (0.4ms)
Completed 200 OK in 14ms (Views: 13.2ms | ActiveRecord: 0.0ms)


Started GET "/" for 127.0.0.1 at 2012-06-21 21:53:57 -0400
  Processing by HomeController#index as HTML
Rendered home/index.html.erb within layouts/application (0.3ms)
Completed 200 OK in 7ms (Views: 6.6ms | ActiveRecord: 0.0ms)


Started GET "/" for 127.0.0.1 at 2012-06-21 21:55:38 -0400
  Processing by HomeController#index as HTML
Rendered home/index.html.erb within layouts/application (0.5ms)
Completed 200 OK in 22ms (Views: 21.3ms | ActiveRecord: 0.0ms)


Started GET "/" for 127.0.0.1 at 2012-06-21 21:56:03 -0400
  Processing by HomeController#index as HTML
Rendered home/index.html.erb within layouts/application (0.3ms)
Completed 200 OK in 13ms (Views: 12.6ms | ActiveRecord: 0.0ms)


Started GET "/" for 127.0.0.1 at 2012-06-21 21:56:35 -0400
  Processing by HomeController#index as HTML
Rendered home/index.html.erb within layouts/application (0.3ms)
Completed 200 OK in 13ms (Views: 12.8ms | ActiveRecord: 0.0ms)


Started GET "/" for 127.0.0.1 at 2012-06-21 21:59:46 -0400
  Processing by HomeController#index as HTML
Rendered home/index.html.erb within layouts/application (0.9ms)
Completed 200 OK in 10ms (Views: 10.0ms | ActiveRecord: 0.0ms)


Started GET "/" for 127.0.0.1 at 2012-06-21 22:02:42 -0400
  Processing by HomeController#index as HTML
Rendered home/index.html.erb within layouts/application (0.3ms)
Completed 200 OK in 15ms (Views: 10.9ms | ActiveRecord: 0.0ms)


Started GET "/" for 127.0.0.1 at 2012-06-21 22:04:20 -0400
  Processing by HomeController#index as HTML
Rendered home/index.html.erb within layouts/application (0.3ms)
Completed 200 OK in 11ms (Views: 10.5ms | ActiveRecord: 0.0ms)


Started GET "/" for 127.0.0.1 at 2012-06-21 22:16:04 -0400
  Processing by HomeController#index as HTML
Rendered home/index.html.erb within layouts/application (0.3ms)
Completed 200 OK in 16ms (Views: 15.6ms | ActiveRecord: 0.0ms)


Started GET "/" for 127.0.0.1 at 2012-06-21 22:17:25 -0400
  Processing by HomeController#index as HTML
Rendered home/index.html.erb within layouts/application (0.3ms)
Completed 200 OK in 11ms (Views: 11.0ms | ActiveRecord: 0.0ms)


Started GET "/" for 127.0.0.1 at 2012-06-21 22:19:02 -0400
  Processing by HomeController#index as HTML
Rendered home/index.html.erb within layouts/application (1.1ms)
Completed 200 OK in 16ms (Views: 16.0ms | ActiveRecord: 0.0ms)


Started GET "/" for 127.0.0.1 at 2012-06-21 22:19:59 -0400
  Processing by HomeController#index as HTML
Rendered home/index.html.erb within layouts/application (0.3ms)
Completed 200 OK in 6ms (Views: 6.1ms | ActiveRecord: 0.0ms)


Started GET "/" for 127.0.0.1 at 2012-06-21 22:54:54 -0400
  Processing by HomeController#index as HTML
Rendered home/index.html.erb within layouts/application (0.4ms)
Completed 200 OK in 72ms (Views: 71.2ms | ActiveRecord: 0.0ms)


Started GET "/" for 127.0.0.1 at 2012-06-21 22:56:55 -0400
  Processing by HomeController#index as HTML
Rendered home/index.html.erb within layouts/application (0.8ms)
Completed 200 OK in 17ms (Views: 16.3ms | ActiveRecord: 0.0ms)


Started GET "/" for 127.0.0.1 at 2012-06-21 22:57:28 -0400
  Processing by HomeController#index as HTML
Rendered home/index.html.erb within layouts/application (0.3ms)
Completed 200 OK in 18ms (Views: 17.4ms | ActiveRecord: 0.0ms)


Started GET "/" for 127.0.0.1 at 2012-06-21 22:57:54 -0400
  Processing by HomeController#index as HTML
Rendered home/index.html.erb within layouts/application (0.3ms)
Completed 200 OK in 19ms (Views: 6.3ms | ActiveRecord: 0.0ms)


Started GET "/" for 127.0.0.1 at 2012-06-21 22:58:42 -0400
  Processing by HomeController#index as HTML
Rendered home/index.html.erb within layouts/application (0.3ms)
Completed 200 OK in 85ms (Views: 84.5ms | ActiveRecord: 0.0ms)


Started GET "/" for 127.0.0.1 at 2012-06-21 22:59:10 -0400
  Processing by HomeController#index as HTML
Rendered home/index.html.erb within layouts/application (0.3ms)
Completed 200 OK in 17ms (Views: 16.3ms | ActiveRecord: 0.0ms)


Started GET "/" for 127.0.0.1 at 2012-06-22 08:03:08 -0400
  Processing by HomeController#index as HTML
Rendered home/index.html.erb within layouts/application (1.0ms)
Completed 200 OK in 13ms (Views: 12.9ms | ActiveRecord: 0.0ms)


Started GET "/" for 127.0.0.1 at 2012-06-22 08:26:40 -0400
  Processing by HomeController#index as HTML
Rendered home/index.html.erb within layouts/application (0.3ms)
Completed 200 OK in 20ms (Views: 19.4ms | ActiveRecord: 0.0ms)


Started GET "/" for 127.0.0.1 at 2012-06-22 08:29:38 -0400
  Processing by HomeController#index as HTML
Rendered home/index.html.erb within layouts/application (0.3ms)
Completed 200 OK in 10ms (Views: 9.9ms | ActiveRecord: 0.0ms)


Started GET "/" for 127.0.0.1 at 2012-06-22 08:34:32 -0400
  Processing by HomeController#index as HTML
Rendered home/index.html.erb within layouts/application (0.2ms)
Completed 200 OK in 18ms (Views: 18.1ms | ActiveRecord: 0.0ms)


Started GET "/" for 127.0.0.1 at 2012-06-22 08:35:37 -0400
  Processing by HomeController#index as HTML
Rendered home/index.html.erb within layouts/application (0.3ms)
Completed 200 OK in 11ms (Views: 11.1ms | ActiveRecord: 0.0ms)


Started GET "/" for 127.0.0.1 at 2012-06-22 08:39:08 -0400
  Processing by HomeController#index as HTML
Rendered home/index.html.erb within layouts/application (0.3ms)
Completed 200 OK in 22ms (Views: 16.2ms | ActiveRecord: 0.0ms)


Started GET "/" for 127.0.0.1 at 2012-06-22 08:59:36 -0400
  Processing by HomeController#index as HTML
Rendered home/index.html.erb within layouts/application (0.3ms)
Completed 200 OK in 14ms (Views: 13.4ms | ActiveRecord: 0.0ms)


Started GET "/" for 127.0.0.1 at 2012-06-23 14:33:21 -0400
  Processing by HomeController#index as HTML
Rendered home/index.html.erb within layouts/application (24.5ms)
Completed 200 OK in 47ms (Views: 46.3ms | ActiveRecord: 0.0ms)


Started GET "/" for 127.0.0.1 at 2012-06-23 14:38:08 -0400
  Processing by HomeController#index as HTML
Rendered home/index.html.erb within layouts/application (0.3ms)
Completed 200 OK in 7ms (Views: 7.0ms | ActiveRecord: 0.0ms)


Started GET "/" for 127.0.0.1 at 2012-06-23 14:39:51 -0400
  Processing by HomeController#index as HTML
Rendered home/index.html.erb within layouts/application (0.4ms)
Completed 200 OK in 15ms (Views: 14.0ms | ActiveRecord: 0.0ms)


Started GET "/" for 127.0.0.1 at 2012-06-23 14:40:46 -0400
  Processing by HomeController#index as HTML
Rendered home/index.html.erb within layouts/application (0.2ms)
Completed 200 OK in 7ms (Views: 6.9ms | ActiveRecord: 0.0ms)


Started GET "/" for 127.0.0.1 at 2012-06-23 14:40:50 -0400
  Processing by HomeController#index as HTML
Rendered home/index.html.erb within layouts/application (0.3ms)
Completed 200 OK in 17ms (Views: 16.5ms | ActiveRecord: 0.0ms)


Started GET "/" for 127.0.0.1 at 2012-06-23 14:42:13 -0400
  Processing by HomeController#index as HTML
Rendered home/index.html.erb within layouts/application (0.3ms)
Completed 200 OK in 8ms (Views: 7.3ms | ActiveRecord: 0.0ms)


Started GET "/" for 127.0.0.1 at 2012-06-23 14:42:38 -0400
  Processing by HomeController#index as HTML
Rendered home/index.html.erb within layouts/application (0.3ms)
Completed 200 OK in 8ms (Views: 7.6ms | ActiveRecord: 0.0ms)


Started GET "/" for 127.0.0.1 at 2012-06-23 14:45:54 -0400
  Processing by HomeController#index as HTML
Rendered home/index.html.erb within layouts/application (0.3ms)
Completed 200 OK in 7ms (Views: 6.2ms | ActiveRecord: 0.0ms)


Started GET "/" for 127.0.0.1 at 2012-06-23 14:47:53 -0400
  Processing by HomeController#index as HTML
Rendered home/index.html.erb within layouts/application (0.3ms)
Completed 200 OK in 7ms (Views: 6.6ms | ActiveRecord: 0.0ms)


Started GET "/" for 127.0.0.1 at 2012-06-23 14:51:18 -0400
  Processing by HomeController#index as HTML
Rendered home/index.html.erb within layouts/application (1.9ms)
Completed 200 OK in 12ms (Views: 11.5ms | ActiveRecord: 0.0ms)


Started GET "/" for 127.0.0.1 at 2012-06-23 14:55:37 -0400
  Processing by HomeController#index as HTML
Rendered home/index.html.erb within layouts/application (0.3ms)
Completed 200 OK in 16ms (Views: 15.6ms | ActiveRecord: 0.0ms)


Started GET "/" for 127.0.0.1 at 2012-06-23 14:57:42 -0400
  Processing by HomeController#index as HTML
Rendered home/index.html.erb within layouts/application (0.3ms)
Completed 200 OK in 8ms (Views: 6.6ms | ActiveRecord: 0.0ms)


Started GET "/" for 127.0.0.1 at 2012-06-23 14:57:45 -0400
  Processing by HomeController#index as HTML
Rendered home/index.html.erb within layouts/application (0.3ms)
Completed 200 OK in 7ms (Views: 6.6ms | ActiveRecord: 0.0ms)


Started GET "/" for 127.0.0.1 at 2012-06-23 14:58:32 -0400
  Processing by HomeController#index as HTML
Rendered home/index.html.erb within layouts/application (0.1ms)
Completed 200 OK in 9ms (Views: 8.1ms | ActiveRecord: 0.0ms)


Started GET "/" for 127.0.0.1 at 2012-06-23 14:59:21 -0400
  Processing by HomeController#index as HTML
Rendered home/index.html.erb within layouts/application (0.6ms)
Completed 200 OK in 17ms (Views: 16.6ms | ActiveRecord: 0.0ms)


Started GET "/" for 127.0.0.1 at 2012-06-23 14:59:54 -0400
  Processing by HomeController#index as HTML
Rendered home/index.html.erb within layouts/application (0.5ms)
Completed 200 OK in 7ms (Views: 6.7ms | ActiveRecord: 0.0ms)


Started GET "/" for 127.0.0.1 at 2012-06-23 15:01:08 -0400
  Processing by HomeController#index as HTML
Rendered home/index.html.erb within layouts/application (0.3ms)
Completed 200 OK in 8ms (Views: 7.3ms | ActiveRecord: 0.0ms)


Started GET "/" for 127.0.0.1 at 2012-06-23 15:02:14 -0400
  Processing by HomeController#index as HTML
Rendered home/index.html.erb within layouts/application (0.3ms)
Completed 200 OK in 7ms (Views: 7.0ms | ActiveRecord: 0.0ms)


Started GET "/" for 127.0.0.1 at 2012-06-24 10:23:28 -0400
  Processing by HomeController#index as HTML
Rendered home/index.html.erb within layouts/application (1.1ms)
Completed 200 OK in 8ms (Views: 7.6ms | ActiveRecord: 0.0ms)


Started GET "/" for 127.0.0.1 at 2012-06-24 10:24:23 -0400
  Processing by HomeController#index as HTML
Rendered home/index.html.erb within layouts/application (1.8ms)
Completed 200 OK in 10ms (Views: 9.5ms | ActiveRecord: 0.0ms)


Started GET "/" for 127.0.0.1 at 2012-06-24 10:25:55 -0400
  Processing by HomeController#index as HTML
Rendered home/index.html.erb within layouts/application (0.3ms)
Completed 200 OK in 7ms (Views: 6.5ms | ActiveRecord: 0.0ms)


Started GET "/" for 127.0.0.1 at 2012-06-24 10:26:28 -0400
  Processing by HomeController#index as HTML
Rendered home/index.html.erb within layouts/application (0.3ms)
Completed 200 OK in 8ms (Views: 7.5ms | ActiveRecord: 0.0ms)
